<?xml version="1.0" encoding="UTF-8"?>
<testng-results skipped="0" failed="0" total="1" passed="1">
  <reporter-output>
  </reporter-output>
  <suite name="Default suite" duration-ms="1398" started-at="2019-02-26T00:48:42Z" finished-at="2019-02-26T00:48:43Z">
    <groups>
    </groups>
    <test name="Default test" duration-ms="1398" started-at="2019-02-26T00:48:42Z" finished-at="2019-02-26T00:48:43Z">
      <class name="cjsjy.interfacetest.TestPostAddDep">
        <test-method status="PASS" signature="beforeClass()[pri:0, instance:cjsjy.interfacetest.TestPostAddDep@215be6bb]" name="beforeClass" is-config="true" duration-ms="1370" started-at="2019-02-26T08:48:42Z" finished-at="2019-02-26T08:48:43Z">
          <reporter-output>
          </reporter-output>
        </test-method> <!-- beforeClass -->
        <test-method status="PASS" signature="testPostRequest()[pri:0, instance:cjsjy.interfacetest.TestPostAddDep@215be6bb]" name="testPostRequest" duration-ms="8" started-at="2019-02-26T08:48:43Z" finished-at="2019-02-26T08:48:43Z">
          <reporter-output>
          </reporter-output>
        </test-method> <!-- testPostRequest -->
      </class> <!-- cjsjy.interfacetest.TestPostAddDep -->
    </test> <!-- Default test -->
  </suite> <!-- Default suite -->
</testng-results>
